<?xml version="1.0" encoding="utf-8"?><testsuites name="pytest tests"><testsuite name="pytest" errors="0" failures="0" skipped="0" tests="29" time="28.891" timestamp="2026-02-20T11:32:15.987606+00:00" hostname="agent-env-09c513f7-7549-4073-a601-11534f18c693"><testcase classname="backend.tests.test_customer_loyalty.TestAdminAuth" name="test_admin_login_success" time="0.810" /><testcase classname="backend.tests.test_customer_loyalty.TestAdminAuth" name="test_admin_login_invalid_credentials" time="0.399" /><testcase classname="backend.tests.test_customer_loyalty.TestAdminAuth" name="test_admin_verify_token" time="1.058" /><testcase classname="backend.tests.test_customer_loyalty.TestStaffAuth" name="test_staff_login_success" time="0.441" /><testcase classname="backend.tests.test_customer_loyalty.TestStaffAuth" name="test_staff_login_invalid_pin" time="0.438" /><testcase classname="backend.tests.test_customer_loyalty.TestStaffAuth" name="test_staff_verify_session" time="0.955" /><testcase classname="backend.tests.test_customer_loyalty.TestCustomerRegistration" name="test_customer_register_success" time="0.626" /><testcase classname="backend.tests.test_customer_loyalty.TestCustomerRegistration" name="test_customer_register_duplicate_email" time="1.032" /><testcase classname="backend.tests.test_customer_loyalty.TestCustomerRegistration" name="test_customer_register_invalid_email" time="0.450" /><testcase classname="backend.tests.test_customer_loyalty.TestCustomerLogin" name="test_customer_login_success" time="1.288" /><testcase classname="backend.tests.test_customer_loyalty.TestCustomerLogin" name="test_customer_login_wrong_password" time="1.266" /><testcase classname="backend.tests.test_customer_loyalty.TestCustomerLogin" name="test_customer_login_nonexistent_email" time="0.423" /><testcase classname="backend.tests.test_customer_loyalty.TestCustomerProfile" name="test_get_customer_profile" time="1.031" /><testcase classname="backend.tests.test_customer_loyalty.TestCustomerProfile" name="test_update_customer_profile" time="1.497" /><testcase classname="backend.tests.test_customer_loyalty.TestCustomerProfile" name="test_get_customer_orders" time="1.041" /><testcase classname="backend.tests.test_customer_loyalty.TestCustomerProfile" name="test_get_customer_reservations" time="1.065" /><testcase classname="backend.tests.test_customer_loyalty.TestCustomerProfile" name="test_profile_unauthorized" time="0.402" /><testcase classname="backend.tests.test_customer_loyalty.TestCustomerLoyalty" name="test_get_customer_loyalty_info" time="1.046" /><testcase classname="backend.tests.test_customer_loyalty.TestCustomerLoyalty" name="test_loyalty_unauthorized" time="0.400" /><testcase classname="backend.tests.test_customer_loyalty.TestLoyaltySettings" name="test_get_loyalty_settings_public" time="0.396" /><testcase classname="backend.tests.test_customer_loyalty.TestLoyaltySettings" name="test_get_loyalty_settings_admin" time="1.066" /><testcase classname="backend.tests.test_customer_loyalty.TestLoyaltySettings" name="test_update_loyalty_settings" time="1.435" /><testcase classname="backend.tests.test_customer_loyalty.TestStaffLoyalty" name="test_staff_scan_customer_qr" time="1.966" /><testcase classname="backend.tests.test_customer_loyalty.TestStaffLoyalty" name="test_staff_scan_invalid_qr" time="0.809" /><testcase classname="backend.tests.test_customer_loyalty.TestStaffLoyalty" name="test_staff_add_points" time="1.927" /><testcase classname="backend.tests.test_customer_loyalty.TestStaffLoyalty" name="test_staff_search_customer" time="1.873" /><testcase classname="backend.tests.test_customer_loyalty.TestAdminCustomerManagement" name="test_get_all_customers" time="1.080" /><testcase classname="backend.tests.test_customer_loyalty.TestAdminCustomerManagement" name="test_get_customer_by_id" time="2.128" /><testcase classname="backend.tests.test_customer_loyalty.TestAdminCustomerManagement" name="test_get_customers_unauthorized" time="0.451" /></testsuite></testsuites>