<?xml version="1.0" encoding="utf-8"?><testsuites name="pytest tests"><testsuite name="pytest" errors="0" failures="0" skipped="0" tests="25" time="31.540" timestamp="2026-02-20T12:17:32.615988+00:00" hostname="agent-env-09c513f7-7549-4073-a601-11534f18c693"><testcase classname="backend.tests.test_push_notifications.TestPushNotificationAPIs" name="test_get_vapid_public_key" time="1.247" /><testcase classname="backend.tests.test_push_notifications.TestPushNotificationAPIs" name="test_subscribe_requires_auth" time="1.079" /><testcase classname="backend.tests.test_push_notifications.TestPushNotificationAPIs" name="test_subscribe_with_valid_auth" time="2.071" /><testcase classname="backend.tests.test_push_notifications.TestPushNotificationAPIs" name="test_subscribe_updates_existing" time="2.021" /><testcase classname="backend.tests.test_push_notifications.TestPushNotificationAPIs" name="test_unsubscribe_requires_auth" time="1.071" /><testcase classname="backend.tests.test_push_notifications.TestPushNotificationAPIs" name="test_unsubscribe_nonexistent" time="1.193" /><testcase classname="backend.tests.test_push_notifications.TestPushNotificationAPIs" name="test_unsubscribe_existing" time="1.956" /><testcase classname="backend.tests.test_push_notifications.TestPushNotificationAPIs" name="test_list_subscriptions_requires_auth" time="1.133" /><testcase classname="backend.tests.test_push_notifications.TestPushNotificationAPIs" name="test_list_subscriptions_returns_list" time="1.084" /><testcase classname="backend.tests.test_push_notifications.TestPushNotificationAPIs" name="test_push_test_requires_auth" time="1.180" /><testcase classname="backend.tests.test_push_notifications.TestPushNotificationAPIs" name="test_push_test_sends_notification" time="1.088" /><testcase classname="backend.tests.test_push_notifications.TestOrderReservationPushTriggers" name="test_create_order_triggers_push" time="1.635" /><testcase classname="backend.tests.test_push_notifications.TestOrderReservationPushTriggers" name="test_create_reservation_triggers_push" time="1.159" /><testcase classname="backend.tests.test_push_notifications.TestServiceWorkerEndpoint" name="test_service_worker_accessible" time="0.484" /><testcase classname="backend.tests.test_push_notifications.TestCustomerPushSubscriptions" name="test_customer_subscribe_no_auth_required" time="1.290" /><testcase classname="backend.tests.test_push_notifications.TestCustomerPushSubscriptions" name="test_customer_subscribe_with_account" time="1.201" /><testcase classname="backend.tests.test_push_notifications.TestCustomerPushSubscriptions" name="test_get_customer_push_stats" time="1.117" /><testcase classname="backend.tests.test_push_notifications.TestCustomerPushSubscriptions" name="test_customer_stats_requires_auth" time="1.128" /><testcase classname="backend.tests.test_push_notifications.TestBroadcastEndpoints" name="test_broadcast_requires_auth" time="1.078" /><testcase classname="backend.tests.test_push_notifications.TestBroadcastEndpoints" name="test_broadcast_target_all" time="1.141" /><testcase classname="backend.tests.test_push_notifications.TestBroadcastEndpoints" name="test_broadcast_target_customers" time="1.102" /><testcase classname="backend.tests.test_push_notifications.TestBroadcastEndpoints" name="test_broadcast_target_admins" time="1.069" /><testcase classname="backend.tests.test_push_notifications.TestBroadcastEndpoints" name="test_broadcast_validation_missing_fields" time="1.657" /><testcase classname="backend.tests.test_push_notifications.TestBroadcastEndpoints" name="test_get_broadcast_history" time="1.148" /><testcase classname="backend.tests.test_push_notifications.TestBroadcastEndpoints" name="test_broadcast_history_requires_auth" time="1.133" /></testsuite></testsuites>