<?xml version="1.0" encoding="utf-8"?><testsuites name="pytest tests"><testsuite name="pytest" errors="0" failures="0" skipped="0" tests="14" time="17.677" timestamp="2026-02-18T13:51:47.460722+00:00" hostname="agent-env-4968fd25-435a-47d2-bec1-4570c57c7312"><testcase classname="backend.tests.test_push_notifications.TestPushNotificationAPIs" name="test_get_vapid_public_key" time="1.314" /><testcase classname="backend.tests.test_push_notifications.TestPushNotificationAPIs" name="test_subscribe_requires_auth" time="1.097" /><testcase classname="backend.tests.test_push_notifications.TestPushNotificationAPIs" name="test_subscribe_with_valid_auth" time="1.916" /><testcase classname="backend.tests.test_push_notifications.TestPushNotificationAPIs" name="test_subscribe_updates_existing" time="1.949" /><testcase classname="backend.tests.test_push_notifications.TestPushNotificationAPIs" name="test_unsubscribe_requires_auth" time="1.094" /><testcase classname="backend.tests.test_push_notifications.TestPushNotificationAPIs" name="test_unsubscribe_nonexistent" time="1.092" /><testcase classname="backend.tests.test_push_notifications.TestPushNotificationAPIs" name="test_unsubscribe_existing" time="1.869" /><testcase classname="backend.tests.test_push_notifications.TestPushNotificationAPIs" name="test_list_subscriptions_requires_auth" time="1.023" /><testcase classname="backend.tests.test_push_notifications.TestPushNotificationAPIs" name="test_list_subscriptions_returns_list" time="1.042" /><testcase classname="backend.tests.test_push_notifications.TestPushNotificationAPIs" name="test_push_test_requires_auth" time="1.029" /><testcase classname="backend.tests.test_push_notifications.TestPushNotificationAPIs" name="test_push_test_sends_notification" time="1.186" /><testcase classname="backend.tests.test_push_notifications.TestOrderReservationPushTriggers" name="test_create_order_triggers_push" time="1.512" /><testcase classname="backend.tests.test_push_notifications.TestOrderReservationPushTriggers" name="test_create_reservation_triggers_push" time="1.090" /><testcase classname="backend.tests.test_push_notifications.TestServiceWorkerEndpoint" name="test_service_worker_accessible" time="0.398" /></testsuite></testsuites>