<?xml version="1.0" encoding="utf-8"?><testsuites name="pytest tests"><testsuite name="pytest" errors="0" failures="0" skipped="0" tests="12" time="7.250" timestamp="2026-02-17T15:18:39.048753+00:00" hostname="agent-env-a4cc67bc-09a5-45c0-b20b-17b0141154e3"><testcase classname="backend.tests.test_globalfood_menu.TestGlobalFoodMenuAPI" name="test_globalfood_menu_endpoint_returns_200" time="1.045" /><testcase classname="backend.tests.test_globalfood_menu.TestGlobalFoodMenuAPI" name="test_globalfood_menu_has_categories" time="0.680" /><testcase classname="backend.tests.test_globalfood_menu.TestGlobalFoodMenuAPI" name="test_globalfood_menu_has_currency_eur" time="0.802" /><testcase classname="backend.tests.test_globalfood_menu.TestGlobalFoodMenuAPI" name="test_globalfood_menu_categories_have_items" time="0.837" /><testcase classname="backend.tests.test_globalfood_menu.TestGlobalFoodMenuAPI" name="test_globalfood_menu_has_expected_categories" time="0.761" /><testcase classname="backend.tests.test_globalfood_menu.TestHomepageButtonsAPI" name="test_content_endpoint_returns_200" time="0.444" /><testcase classname="backend.tests.test_globalfood_menu.TestHomepageButtonsAPI" name="test_hero_buttons_exist" time="0.448" /><testcase classname="backend.tests.test_globalfood_menu.TestHomepageButtonsAPI" name="test_pickup_button_has_correct_url" time="0.433" /><testcase classname="backend.tests.test_globalfood_menu.TestHomepageButtonsAPI" name="test_reservation_button_has_correct_url" time="0.421" /><testcase classname="backend.tests.test_globalfood_menu.TestHomepageButtonsAPI" name="test_all_buttons_are_active" time="0.393" /><testcase classname="backend.tests.test_globalfood_menu.TestNavigationAPI" name="test_nav_links_include_menu" time="0.422" /><testcase classname="backend.tests.test_globalfood_menu.TestAPIHealth" name="test_root_endpoint" time="0.440" /></testsuite></testsuites>