<?xml version="1.0" encoding="utf-8"?><testsuites name="pytest tests"><testsuite name="pytest" errors="0" failures="0" skipped="0" tests="17" time="14.933" timestamp="2026-02-20T12:56:07.783690+00:00" hostname="agent-env-5570779d-e1da-4bc6-a768-b6401a02f1cb"><testcase classname="backend.tests.test_refactored_routers.TestStaffEndpoints" name="test_staff_login_correct_pin" time="0.614" /><testcase classname="backend.tests.test_refactored_routers.TestStaffEndpoints" name="test_staff_verify_with_token" time="0.831" /><testcase classname="backend.tests.test_refactored_routers.TestStaffEndpoints" name="test_staff_orders" time="0.846" /><testcase classname="backend.tests.test_refactored_routers.TestStaffEndpoints" name="test_staff_reservations" time="0.928" /><testcase classname="backend.tests.test_refactored_routers.TestStaffEndpoints" name="test_staff_loyalty_search" time="0.812" /><testcase classname="backend.tests.test_refactored_routers.TestTerminalEndpoints" name="test_terminal_login_marco" time="0.422" /><testcase classname="backend.tests.test_refactored_routers.TestTerminalEndpoints" name="test_terminal_login_lucia" time="0.435" /><testcase classname="backend.tests.test_refactored_routers.TestTerminalEndpoints" name="test_terminal_tables" time="0.427" /><testcase classname="backend.tests.test_refactored_routers.TestTerminalEndpoints" name="test_terminal_menu" time="0.453" /><testcase classname="backend.tests.test_refactored_routers.TestTerminalEndpoints" name="test_terminal_orders_get" time="0.399" /><testcase classname="backend.tests.test_refactored_routers.TestTerminalEndpoints" name="test_terminal_orders_create" time="1.243" /><testcase classname="backend.tests.test_refactored_routers.TestTerminalAdminEndpoints" name="test_terminal_waiters_get" time="1.029" /><testcase classname="backend.tests.test_refactored_routers.TestTerminalAdminEndpoints" name="test_terminal_waiters_crud" time="0.816" /><testcase classname="backend.tests.test_refactored_routers.TestTerminalAdminEndpoints" name="test_terminal_tables_crud" time="0.835" /><testcase classname="backend.tests.test_refactored_routers.TestTerminalAdminEndpoints" name="test_terminal_menu_crud" time="0.871" /><testcase classname="backend.tests.test_refactored_routers.TestPrinterEndpoints" name="test_printer_status" time="3.084" /><testcase classname="backend.tests.test_refactored_routers.TestPrinterEndpoints" name="test_print_queue_get" time="0.806" /></testsuite></testsuites>