<?xml version="1.0" encoding="utf-8"?><testsuites name="pytest tests"><testsuite name="pytest" errors="0" failures="0" skipped="0" tests="18" time="9.528" timestamp="2026-02-18T12:28:53.709517+00:00" hostname="agent-env-f766d13e-a344-4194-ae88-be5b7549e207"><testcase classname="backend.tests.test_shop_api.TestPublicEndpoints" name="test_get_shop_menu" time="0.564" /><testcase classname="backend.tests.test_shop_api.TestPublicEndpoints" name="test_get_shop_settings" time="0.348" /><testcase classname="backend.tests.test_shop_api.TestPublicEndpoints" name="test_shop_settings_has_opening_hours" time="0.486" /><testcase classname="backend.tests.test_shop_api.TestAuthentication" name="test_login_with_valid_credentials" time="0.578" /><testcase classname="backend.tests.test_shop_api.TestAuthentication" name="test_login_with_invalid_credentials" time="0.351" /><testcase classname="backend.tests.test_shop_api.TestAuthentication" name="test_verify_token" time="0.964" /><testcase classname="backend.tests.test_shop_api.TestOrderCreation" name="test_create_order_with_asap_time" time="0.371" /><testcase classname="backend.tests.test_shop_api.TestOrderCreation" name="test_create_order_with_specific_time" time="0.376" /><testcase classname="backend.tests.test_shop_api.TestAdminOrders" name="test_get_all_orders" time="0.372" /><testcase classname="backend.tests.test_shop_api.TestAdminOrders" name="test_confirm_asap_order_with_prep_time" time="0.740" /><testcase classname="backend.tests.test_shop_api.TestAdminOrders" name="test_cancel_order" time="0.704" /><testcase classname="backend.tests.test_shop_api.TestReservationCreation" name="test_create_reservation" time="0.358" /><testcase classname="backend.tests.test_shop_api.TestAdminReservations" name="test_get_all_reservations" time="0.356" /><testcase classname="backend.tests.test_shop_api.TestAdminReservations" name="test_confirm_reservation" time="0.713" /><testcase classname="backend.tests.test_shop_api.TestAdminReservations" name="test_reject_reservation" time="0.737" /><testcase classname="backend.tests.test_shop_api.TestAdminSettings" name="test_get_settings" time="0.370" /><testcase classname="backend.tests.test_shop_api.TestAdminSettings" name="test_update_settings" time="0.711" /><testcase classname="backend.tests.test_shop_api.TestAdminMenu" name="test_get_menu" time="0.358" /></testsuite></testsuites>