<?xml version="1.0" encoding="utf-8"?><testsuites name="pytest tests"><testsuite name="pytest" errors="0" failures="10" skipped="0" tests="18" time="9.873" timestamp="2026-02-18T12:28:05.905614+00:00" hostname="agent-env-f766d13e-a344-4194-ae88-be5b7549e207"><testcase classname="backend.tests.test_shop_api.TestPublicEndpoints" name="test_get_shop_menu" time="0.471" /><testcase classname="backend.tests.test_shop_api.TestPublicEndpoints" name="test_get_shop_settings" time="0.496" /><testcase classname="backend.tests.test_shop_api.TestPublicEndpoints" name="test_shop_settings_has_opening_hours" time="0.361" /><testcase classname="backend.tests.test_shop_api.TestAuthentication" name="test_login_with_valid_credentials" time="0.605"><failure message="AssertionError: Response should contain token&#10;assert 'token' in {'access_token': 'eyJhbGciOiJIUzI1NiIsInR5cCI6IkpXVCJ9.eyJzdWIiOiJhZG1pbiIsImV4cCI6MTc3MTUwNDA4NywiaWF0IjoxNzcxNDE3Njg3fQ.5jRTIzdeYhf8OenpXeTy-neO8e3s9Z4TkOllg7BC6LU', 'expires_in': 86400, 'token_type': 'bearer'}">backend/tests/test_shop_api.py:93: in test_login_with_valid_credentials
    assert "token" in data, "Response should contain token"
E   AssertionError: Response should contain token
E   assert 'token' in {'access_token': 'eyJhbGciOiJIUzI1NiIsInR5cCI6IkpXVCJ9.eyJzdWIiOiJhZG1pbiIsImV4cCI6MTc3MTUwNDA4NywiaWF0IjoxNzcxNDE3Njg3fQ.5jRTIzdeYhf8OenpXeTy-neO8e3s9Z4TkOllg7BC6LU', 'expires_in': 86400, 'token_type': 'bearer'}</failure></testcase><testcase classname="backend.tests.test_shop_api.TestAuthentication" name="test_login_with_invalid_credentials" time="0.427" /><testcase classname="backend.tests.test_shop_api.TestAuthentication" name="test_verify_token" time="0.958"><failure message="AssertionError: Token verification failed with 401&#10;assert 401 == 200&#10; +  where 401 = &lt;Response [401]&gt;.status_code">backend/tests/test_shop_api.py:109: in test_verify_token
    assert response.status_code == 200, f"Token verification failed with {response.status_code}"
E   AssertionError: Token verification failed with 401
E   assert 401 == 200
E    +  where 401 = &lt;Response [401]&gt;.status_code</failure></testcase><testcase classname="backend.tests.test_shop_api.TestOrderCreation" name="test_create_order_with_asap_time" time="0.461" /><testcase classname="backend.tests.test_shop_api.TestOrderCreation" name="test_create_order_with_specific_time" time="0.369"><failure message="AssertionError: Order creation failed: {&quot;detail&quot;:[{&quot;type&quot;:&quot;string_type&quot;,&quot;loc&quot;:[&quot;body&quot;,&quot;items&quot;,0,&quot;options&quot;,0,&quot;price&quot;],&quot;msg&quot;:&quot;Input should be a valid string&quot;,&quot;input&quot;:1.5,&quot;url&quot;:&quot;https://errors.pydantic.dev/2.12/v/string_type&quot;}]}&#10;assert 422 == 200&#10; +  where 422 = &lt;Response [422]&gt;.status_code">backend/tests/test_shop_api.py:174: in test_create_order_with_specific_time
    assert response.status_code == 200, f"Order creation failed: {response.text}"
E   AssertionError: Order creation failed: {"detail":[{"type":"string_type","loc":["body","items",0,"options",0,"price"],"msg":"Input should be a valid string","input":1.5,"url":"https://errors.pydantic.dev/2.12/v/string_type"}]}
E   assert 422 == 200
E    +  where 422 = &lt;Response [422]&gt;.status_code</failure></testcase><testcase classname="backend.tests.test_shop_api.TestAdminOrders" name="test_get_all_orders" time="0.382"><failure message="AssertionError: Failed to get orders: {&quot;detail&quot;:&quot;Invalid token&quot;}&#10;assert 401 == 200&#10; +  where 401 = &lt;Response [401]&gt;.status_code">backend/tests/test_shop_api.py:187: in test_get_all_orders
    assert response.status_code == 200, f"Failed to get orders: {response.text}"
E   AssertionError: Failed to get orders: {"detail":"Invalid token"}
E   assert 401 == 200
E    +  where 401 = &lt;Response [401]&gt;.status_code</failure></testcase><testcase classname="backend.tests.test_shop_api.TestAdminOrders" name="test_confirm_asap_order_with_prep_time" time="0.729"><failure message="AssertionError: Confirm failed: {&quot;detail&quot;:&quot;Invalid token&quot;}&#10;assert 401 == 200&#10; +  where 401 = &lt;Response [401]&gt;.status_code">backend/tests/test_shop_api.py:226: in test_confirm_asap_order_with_prep_time
    assert confirm_response.status_code == 200, f"Confirm failed: {confirm_response.text}"
E   AssertionError: Confirm failed: {"detail":"Invalid token"}
E   assert 401 == 200
E    +  where 401 = &lt;Response [401]&gt;.status_code</failure></testcase><testcase classname="backend.tests.test_shop_api.TestAdminOrders" name="test_cancel_order" time="0.744"><failure message="assert 401 == 200&#10; +  where 401 = &lt;Response [401]&gt;.status_code">backend/tests/test_shop_api.py:260: in test_cancel_order
    assert cancel_response.status_code == 200
E   assert 401 == 200
E    +  where 401 = &lt;Response [401]&gt;.status_code</failure></testcase><testcase classname="backend.tests.test_shop_api.TestReservationCreation" name="test_create_reservation" time="0.369" /><testcase classname="backend.tests.test_shop_api.TestAdminReservations" name="test_get_all_reservations" time="0.370"><failure message="AssertionError: Failed to get reservations: {&quot;detail&quot;:&quot;Invalid token&quot;}&#10;assert 401 == 200&#10; +  where 401 = &lt;Response [401]&gt;.status_code">backend/tests/test_shop_api.py:296: in test_get_all_reservations
    assert response.status_code == 200, f"Failed to get reservations: {response.text}"
E   AssertionError: Failed to get reservations: {"detail":"Invalid token"}
E   assert 401 == 200
E    +  where 401 = &lt;Response [401]&gt;.status_code</failure></testcase><testcase classname="backend.tests.test_shop_api.TestAdminReservations" name="test_confirm_reservation" time="0.751"><failure message="assert 401 == 200&#10; +  where 401 = &lt;Response [401]&gt;.status_code">backend/tests/test_shop_api.py:325: in test_confirm_reservation
    assert confirm_response.status_code == 200
E   assert 401 == 200
E    +  where 401 = &lt;Response [401]&gt;.status_code</failure></testcase><testcase classname="backend.tests.test_shop_api.TestAdminReservations" name="test_reject_reservation" time="0.741"><failure message="assert 401 == 200&#10; +  where 401 = &lt;Response [401]&gt;.status_code">backend/tests/test_shop_api.py:350: in test_reject_reservation
    assert reject_response.status_code == 200
E   assert 401 == 200
E    +  where 401 = &lt;Response [401]&gt;.status_code</failure></testcase><testcase classname="backend.tests.test_shop_api.TestAdminSettings" name="test_get_settings" time="0.358" /><testcase classname="backend.tests.test_shop_api.TestAdminSettings" name="test_update_settings" time="0.774"><failure message="AssertionError: Settings update failed: {&quot;detail&quot;:&quot;Invalid token&quot;}&#10;assert 401 == 200&#10; +  where 401 = &lt;Response [401]&gt;.status_code">backend/tests/test_shop_api.py:387: in test_update_settings
    assert response.status_code == 200, f"Settings update failed: {response.text}"
E   AssertionError: Settings update failed: {"detail":"Invalid token"}
E   assert 401 == 200
E    +  where 401 = &lt;Response [401]&gt;.status_code</failure></testcase><testcase classname="backend.tests.test_shop_api.TestAdminMenu" name="test_get_menu" time="0.366" /></testsuite></testsuites>