<?xml version="1.0" encoding="utf-8"?><testsuites name="pytest tests"><testsuite name="pytest" errors="0" failures="1" skipped="0" tests="22" time="19.269" timestamp="2026-02-18T14:22:46.129014+00:00" hostname="agent-env-4968fd25-435a-47d2-bec1-4570c57c7312"><testcase classname="backend.tests.test_staff_auth.TestStaffAuth" name="test_staff_login_correct_pin" time="0.578" /><testcase classname="backend.tests.test_staff_auth.TestStaffAuth" name="test_staff_login_wrong_pin" time="0.474" /><testcase classname="backend.tests.test_staff_auth.TestStaffAuth" name="test_staff_login_empty_pin" time="0.405" /><testcase classname="backend.tests.test_staff_auth.TestStaffAuth" name="test_staff_login_short_pin" time="0.433" /><testcase classname="backend.tests.test_staff_auth.TestStaffVerify" name="test_staff_verify_valid_token" time="1.001" /><testcase classname="backend.tests.test_staff_auth.TestStaffVerify" name="test_staff_verify_no_token" time="0.443" /><testcase classname="backend.tests.test_staff_auth.TestStaffVerify" name="test_staff_verify_invalid_token" time="0.415" /><testcase classname="backend.tests.test_staff_auth.TestStaffOrders" name="test_staff_orders_with_token" time="0.824" /><testcase classname="backend.tests.test_staff_auth.TestStaffOrders" name="test_staff_orders_no_token" time="0.394" /><testcase classname="backend.tests.test_staff_auth.TestStaffOrders" name="test_staff_orders_filter_by_status" time="0.866" /><testcase classname="backend.tests.test_staff_auth.TestStaffOrders" name="test_admin_can_access_staff_orders" time="1.062" /><testcase classname="backend.tests.test_staff_auth.TestStaffOrderStatusUpdate" name="test_staff_update_order_status_confirm" time="1.295" /><testcase classname="backend.tests.test_staff_auth.TestStaffOrderStatusUpdate" name="test_staff_update_order_status_invalid_status" time="1.298" /><testcase classname="backend.tests.test_staff_auth.TestStaffOrderStatusUpdate" name="test_staff_update_nonexistent_order" time="0.795" /><testcase classname="backend.tests.test_staff_auth.TestStaffReservations" name="test_staff_reservations_with_token" time="0.852" /><testcase classname="backend.tests.test_staff_auth.TestStaffReservations" name="test_staff_reservations_no_token" time="0.400" /><testcase classname="backend.tests.test_staff_auth.TestStaffReservations" name="test_staff_reservations_filter_by_status" time="0.834" /><testcase classname="backend.tests.test_staff_auth.TestStaffReservationStatusUpdate" name="test_staff_update_reservation_status_confirm" time="1.235" /><testcase classname="backend.tests.test_staff_auth.TestStaffReservationStatusUpdate" name="test_staff_update_reservation_invalid_status" time="1.286" /><testcase classname="backend.tests.test_staff_auth.TestStaffReservationStatusUpdate" name="test_staff_update_nonexistent_reservation" time="0.872" /><testcase classname="backend.tests.test_staff_auth.TestAdminPinSettings" name="test_shop_settings_includes_staff_pin" time="1.060"><failure message="AssertionError: Settings should include staff_pin field&#10;assert 'staff_pin' in {'closed_days': [], 'id': 'shop_settings', 'max_pickup_days_ahead': 7, 'max_reservation_days_ahead': 30, ...}">backend/tests/test_staff_auth.py:381: in test_shop_settings_includes_staff_pin
    assert "staff_pin" in data, "Settings should include staff_pin field"
E   AssertionError: Settings should include staff_pin field
E   assert 'staff_pin' in {'closed_days': [], 'id': 'shop_settings', 'max_pickup_days_ahead': 7, 'max_reservation_days_ahead': 30, ...}</failure></testcase><testcase classname="backend.tests.test_staff_auth.TestAdminPinSettings" name="test_update_staff_pin" time="2.348" /></testsuite></testsuites>