<?xml version="1.0" encoding="utf-8"?><testsuites name="pytest tests"><testsuite name="pytest" errors="0" failures="0" skipped="0" tests="22" time="18.916" timestamp="2026-02-20T12:50:17.309125+00:00" hostname="agent-env-5570779d-e1da-4bc6-a768-b6401a02f1cb"><testcase classname="backend.tests.test_staff_auth.TestStaffAuth" name="test_staff_login_correct_pin" time="0.413" /><testcase classname="backend.tests.test_staff_auth.TestStaffAuth" name="test_staff_login_wrong_pin" time="0.421" /><testcase classname="backend.tests.test_staff_auth.TestStaffAuth" name="test_staff_login_empty_pin" time="0.404" /><testcase classname="backend.tests.test_staff_auth.TestStaffAuth" name="test_staff_login_short_pin" time="0.517" /><testcase classname="backend.tests.test_staff_auth.TestStaffVerify" name="test_staff_verify_valid_token" time="0.839" /><testcase classname="backend.tests.test_staff_auth.TestStaffVerify" name="test_staff_verify_no_token" time="0.442" /><testcase classname="backend.tests.test_staff_auth.TestStaffVerify" name="test_staff_verify_invalid_token" time="0.415" /><testcase classname="backend.tests.test_staff_auth.TestStaffOrders" name="test_staff_orders_with_token" time="0.855" /><testcase classname="backend.tests.test_staff_auth.TestStaffOrders" name="test_staff_orders_no_token" time="0.428" /><testcase classname="backend.tests.test_staff_auth.TestStaffOrders" name="test_staff_orders_filter_by_status" time="0.827" /><testcase classname="backend.tests.test_staff_auth.TestStaffOrders" name="test_admin_can_access_staff_orders" time="1.055" /><testcase classname="backend.tests.test_staff_auth.TestStaffOrderStatusUpdate" name="test_staff_update_order_status_confirm" time="1.313" /><testcase classname="backend.tests.test_staff_auth.TestStaffOrderStatusUpdate" name="test_staff_update_order_status_invalid_status" time="1.268" /><testcase classname="backend.tests.test_staff_auth.TestStaffOrderStatusUpdate" name="test_staff_update_nonexistent_order" time="0.814" /><testcase classname="backend.tests.test_staff_auth.TestStaffReservations" name="test_staff_reservations_with_token" time="0.814" /><testcase classname="backend.tests.test_staff_auth.TestStaffReservations" name="test_staff_reservations_no_token" time="0.405" /><testcase classname="backend.tests.test_staff_auth.TestStaffReservations" name="test_staff_reservations_filter_by_status" time="0.847" /><testcase classname="backend.tests.test_staff_auth.TestStaffReservationStatusUpdate" name="test_staff_update_reservation_status_confirm" time="1.246" /><testcase classname="backend.tests.test_staff_auth.TestStaffReservationStatusUpdate" name="test_staff_update_reservation_invalid_status" time="1.343" /><testcase classname="backend.tests.test_staff_auth.TestStaffReservationStatusUpdate" name="test_staff_update_nonexistent_reservation" time="0.791" /><testcase classname="backend.tests.test_staff_auth.TestAdminPinSettings" name="test_shop_settings_includes_staff_pin" time="1.056" /><testcase classname="backend.tests.test_staff_auth.TestAdminPinSettings" name="test_update_staff_pin" time="2.344" /></testsuite></testsuites>