<?xml version="1.0" encoding="utf-8"?><testsuites name="pytest tests"><testsuite name="pytest" errors="0" failures="0" skipped="0" tests="6" time="7.047" timestamp="2026-02-20T12:01:34.333015+00:00" hostname="agent-env-09c513f7-7549-4073-a601-11534f18c693"><testcase classname="backend.tests.test_wallet_integration.TestWalletIntegration" name="test_customer_login" time="1.484" /><testcase classname="backend.tests.test_wallet_integration.TestWalletIntegration" name="test_apple_wallet_returns_501" time="1.198" /><testcase classname="backend.tests.test_wallet_integration.TestWalletIntegration" name="test_google_wallet_returns_501" time="1.058" /><testcase classname="backend.tests.test_wallet_integration.TestWalletIntegration" name="test_invalid_wallet_type_returns_400" time="1.087" /><testcase classname="backend.tests.test_wallet_integration.TestWalletIntegration" name="test_wallet_pass_requires_auth" time="1.083" /><testcase classname="backend.tests.test_wallet_integration.TestWalletIntegration" name="test_customer_me_has_loyalty_data" time="1.079" /></testsuite></testsuites>